#
# A fatal error has been detected by the Java Runtime Environment:
#
#  EXCEPTION_ACCESS_VIOLATION (0xc0000005) at pc=0x00000000645ddc07, pid=7092, tid=5508
#
# JRE version: Java(TM) SE Runtime Environment (8.0_20-b26) (build 1.8.0_20-b26)
# Java VM: Java HotSpot(TM) 64-Bit Server VM (25.20-b23 mixed mode windows-amd64 compressed oops)
# Problematic frame:
# V  [jvm.dll+0x5dc07]
#
# Failed to write core dump. Minidumps are not enabled by default on client versions of Windows
#
# If you would like to submit a bug report, please visit:
#   http://bugreport.sun.com/bugreport/crash.jsp
#

---------------  T H R E A D  ---------------

Current thread (0x000000005ad04800):  JavaThread "Thread-3" [_thread_in_vm, id=5508, stack(0x000000005cde0000,0x000000005cee0000)]

siginfo: ExceptionCode=0xc0000005, reading address 0xffffffffffffffff

Registers:
RAX=0x0000000000000040, RBX=0x0000000058a37330, RCX=0x48005a95d13d8b48, RDX=0x0000000000000000
RSP=0x000000005cede848, RBP=0x0000000064081350, RSI=0x000000005acd88c8, RDI=0x0000000057783fb0
R8 =0x0000000000000015, R9 =0x000000000c8fd370, R10=0x0000000057783fb0, R11=0x00000000aad3b1ff
R12=0x0000000064081320, R13=0x0000000000000000, R14=0x000000005cedec58, R15=0x000000005cedec60
RIP=0x00000000645ddc07, EFLAGS=0x0000000000010202

Top of Stack: (sp=0x000000005cede848)
0x000000005cede848:   00000000646cce3a 0000000058a37330
0x000000005cede858:   000000005acd88c8 000000005ad04800
0x000000005cede868:   000000000000002f 00000000640815d8
0x000000005cede878:   000000005cede8c8 00000000aad3b1ff
0x000000005cede888:   00000000645e3cc9 000000005cedec28
0x000000005cede898:   0000000000000000 0000000064081320
0x000000005cede8a8:   00000000646cd087 000000005ad04800
0x000000005cede8b8:   00000000002ff5ba 000000005acd88c8
0x000000005cede8c8:   0000000064081350 000000005ad04800
0x000000005cede8d8:   0000000000000000 000000005ad04800
0x000000005cede8e8:   0000000000000000 0000000000000000
0x000000005cede8f8:   0000000000000000 000000005ad04800
0x000000005cede908:   0000000064083652 000000005ad049e8
0x000000005cede918:   000000005cedea10 000000005acd88c0
0x000000005cede928:   00000000026c0fa0 0000000000000000
0x000000005cede938:   00000000026c1097 00000000026c13a0 

Instructions: (pc=0x00000000645ddc07)
0x00000000645ddbe7:   48 8b 04 08 c3 cc cc cc cc 48 63 05 81 c3 75 00
0x00000000645ddbf7:   48 89 14 08 c3 cc cc cc cc 48 63 05 71 c3 75 00
0x00000000645ddc07:   48 83 3c 08 00 0f 94 c0 c3 48 63 05 5d c3 75 00
0x00000000645ddc17:   48 8b 14 08 48 85 d2 74 0a 8b 42 08 c1 f8 08 0f 


Register to memory mapping:

RAX=0x0000000000000040 is an unknown value
RBX=0x0000000058a37330 is an unknown value
RCX=0x48005a95d13d8b48 is an unknown value
RDX=0x0000000000000000 is an unknown value
RSP=0x000000005cede848 is pointing into the stack for thread: 0x000000005ad04800
RBP=0x0000000064081350 is an unknown value
RSI=0x000000005acd88c8 is an unknown value
RDI=0x0000000057783fb0 is an unknown value
R8 =0x0000000000000015 is an unknown value
R9 =0x000000000c8fd370 is an unknown value
R10=0x0000000057783fb0 is an unknown value
R11=0x00000000aad3b1ff is an unallocated location in the heap
R12=0x0000000064081320 is an unknown value
R13=0x0000000000000000 is an unknown value
R14=0x000000005cedec58 is pointing into the stack for thread: 0x000000005ad04800
R15=0x000000005cedec60 is pointing into the stack for thread: 0x000000005ad04800


Stack: [0x000000005cde0000,0x000000005cee0000],  sp=0x000000005cede848,  free space=1018k
Native frames: (J=compiled Java code, j=interpreted, Vv=VM code, C=native code)
V  [jvm.dll+0x5dc07]

Java frames: (J=compiled Java code, j=interpreted, Vv=VM code)
j  com.microsoft.sqlserver.jdbc.AuthenticationJNI.SNISecGenClientContext([B[I[BI[B[I[ZLjava/lang/String;Ljava/lang/String;Ljava/lang/String;Ljava/util/logging/Logger;)I+0
j  com.microsoft.sqlserver.jdbc.AuthenticationJNI.GenerateClientContext([BI[B[I[Z)I+24
j  com.microsoft.sqlserver.jdbc.SQLServerConnection.SSPIData([B[B[I[ZLcom/microsoft/sqlserver/jdbc/AuthenticationJNI;)V+13
j  com.microsoft.sqlserver.jdbc.SQLServerConnection.sendLogon(Lcom/microsoft/sqlserver/jdbc/SQLServerConnection$LogonCommand;Lcom/microsoft/sqlserver/jdbc/AuthenticationJNI;)V+151
j  com.microsoft.sqlserver.jdbc.SQLServerConnection.logon(Lcom/microsoft/sqlserver/jdbc/SQLServerConnection$LogonCommand;)V+20
j  com.microsoft.sqlserver.jdbc.SQLServerConnection.access$000(Lcom/microsoft/sqlserver/jdbc/SQLServerConnection;Lcom/microsoft/sqlserver/jdbc/SQLServerConnection$LogonCommand;)V+2
j  com.microsoft.sqlserver.jdbc.SQLServerConnection$LogonCommand.doExecute()Z+5
j  com.microsoft.sqlserver.jdbc.TDSCommand.execute(Lcom/microsoft/sqlserver/jdbc/TDSWriter;Lcom/microsoft/sqlserver/jdbc/TDSReader;)Z+30
j  com.microsoft.sqlserver.jdbc.SQLServerConnection.executeCommand(Lcom/microsoft/sqlserver/jdbc/TDSCommand;)Z+45
j  com.microsoft.sqlserver.jdbc.SQLServerConnection.connectHelper(Lcom/microsoft/sqlserver/jdbc/ServerPortPlaceHolder;II)V+284
j  com.microsoft.sqlserver.jdbc.SQLServerConnection.login(Ljava/lang/String;Ljava/lang/String;ILjava/lang/String;Lcom/microsoft/sqlserver/jdbc/FailoverInfo;IJ)V+399
j  com.microsoft.sqlserver.jdbc.SQLServerConnection.connect(Ljava/util/Properties;Lcom/microsoft/sqlserver/jdbc/SQLServerPooledConnection;)Ljava/sql/Connection;+1736
j  com.microsoft.sqlserver.jdbc.SQLServerDriver.connect(Ljava/lang/String;Ljava/util/Properties;)Ljava/sql/Connection;+45
j  java.sql.DriverManager.getConnection(Ljava/lang/String;Ljava/util/Properties;Ljava/lang/Class;)Ljava/sql/Connection;+171
j  java.sql.DriverManager.getConnection(Ljava/lang/String;)Ljava/sql/Connection;+13
j  rabbitmq.Persona.insertPersona()V+10
j  rabbitmq.Worker.run()V+168
v  ~StubRoutines::call_stub

---------------  P R O C E S S  ---------------

Java Threads: ( => current thread )
  0x000000005ad48800 JavaThread "pool-1-thread-5" [_thread_blocked, id=7156, stack(0x000000005e770000,0x000000005e870000)]
  0x000000005ad48000 JavaThread "pool-3-thread-5" [_thread_blocked, id=4656, stack(0x000000005e600000,0x000000005e700000)]
  0x000000005ad47000 JavaThread "pool-1-thread-4" [_thread_blocked, id=5352, stack(0x000000005e400000,0x000000005e500000)]
  0x000000005ad46800 JavaThread "pool-3-thread-4" [_thread_blocked, id=4352, stack(0x000000005e2a0000,0x000000005e3a0000)]
  0x000000005ad43800 JavaThread "pool-3-thread-3" [_thread_blocked, id=1244, stack(0x000000005dab0000,0x000000005dbb0000)]
  0x000000005ad42800 JavaThread "pool-3-thread-2" [_thread_blocked, id=7116, stack(0x000000005d980000,0x000000005da80000)]
  0x000000005ad42000 JavaThread "pool-3-thread-1" [_thread_in_native, id=4908, stack(0x000000005d850000,0x000000005d950000)]
=>0x000000005ad04800 JavaThread "Thread-3" [_thread_in_vm, id=5508, stack(0x000000005cde0000,0x000000005cee0000)]
  0x000000005acea800 JavaThread "pool-1-thread-3" [_thread_blocked, id=6340, stack(0x000000005d640000,0x000000005d740000)]
  0x000000005ad35000 JavaThread "pool-1-thread-2" [_thread_blocked, id=2640, stack(0x000000005d410000,0x000000005d510000)]
  0x000000005acb4800 JavaThread "pool-1-thread-1" [_thread_in_native, id=5000, stack(0x000000005d0e0000,0x000000005d1e0000)]
  0x000000005acac800 JavaThread "Thread-2" [_thread_in_vm, id=3132, stack(0x000000005cfd0000,0x000000005d0d0000)]
  0x000000005ac93800 JavaThread "TimerQueue" daemon [_thread_blocked, id=1960, stack(0x000000005ccb0000,0x000000005cdb0000)]
  0x0000000001ff8000 JavaThread "DestroyJavaVM" [_thread_blocked, id=1108, stack(0x0000000002180000,0x0000000002280000)]
  0x000000005ab9c800 JavaThread "AWT-EventQueue-0" [_thread_blocked, id=200, stack(0x000000005b370000,0x000000005b470000)]
  0x000000005ab78000 JavaThread "AWT-Windows" daemon [_thread_in_native, id=332, stack(0x000000005b480000,0x000000005b580000)]
  0x0000000058d6f000 JavaThread "AWT-Shutdown" [_thread_blocked, id=5152, stack(0x000000005a650000,0x000000005a750000)]
  0x0000000058d6e000 JavaThread "Java2D Disposer" daemon [_thread_blocked, id=6968, stack(0x000000005a890000,0x000000005a990000)]
  0x0000000058ab0800 JavaThread "Service Thread" daemon [_thread_blocked, id=6548, stack(0x000000005a780000,0x000000005a880000)]
  0x0000000058a4b000 JavaThread "C1 CompilerThread3" daemon [_thread_blocked, id=1500, stack(0x000000005a190000,0x000000005a290000)]
  0x0000000058a32800 JavaThread "C2 CompilerThread2" daemon [_thread_blocked, id=2220, stack(0x000000005a510000,0x000000005a610000)]
  0x0000000058a2c000 JavaThread "C2 CompilerThread1" daemon [_thread_blocked, id=5128, stack(0x000000005a310000,0x000000005a410000)]
  0x0000000058a22800 JavaThread "C2 CompilerThread0" daemon [_thread_blocked, id=3280, stack(0x0000000059da0000,0x0000000059ea0000)]
  0x0000000058a1f000 JavaThread "Attach Listener" daemon [_thread_blocked, id=3256, stack(0x000000005a080000,0x000000005a180000)]
  0x0000000058a1e000 JavaThread "Signal Dispatcher" daemon [_thread_blocked, id=4940, stack(0x0000000059f50000,0x000000005a050000)]
  0x000000005796b800 JavaThread "Finalizer" daemon [_thread_blocked, id=2920, stack(0x0000000059920000,0x0000000059a20000)]
  0x0000000057963800 JavaThread "Reference Handler" daemon [_thread_blocked, id=4632, stack(0x0000000059c60000,0x0000000059d60000)]

Other Threads:
  0x000000000208f800 VMThread [stack: 0x0000000059ad0000,0x0000000059bd0000] [id=5492]
  0x0000000058ab1800 WatcherThread [stack: 0x000000005a9e0000,0x000000005aae0000] [id=7152]

VM state:not at safepoint (normal execution)

VM Mutex/Monitor currently owned by a thread: None

Heap:
 PSYoungGen      total 38400K, used 8782K [0x00000000d5f00000, 0x00000000d8980000, 0x0000000100000000)
  eden space 33280K, 11% used [0x00000000d5f00000,0x00000000d629a1c8,0x00000000d7f80000)
  from space 5120K, 99% used [0x00000000d7f80000,0x00000000d8479800,0x00000000d8480000)
  to   space 5120K, 0% used [0x00000000d8480000,0x00000000d8480000,0x00000000d8980000)
 ParOldGen       total 87552K, used 2539K [0x0000000081c00000, 0x0000000087180000, 0x00000000d5f00000)
  object space 87552K, 2% used [0x0000000081c00000,0x0000000081e7add0,0x0000000087180000)
 Metaspace       used 16235K, capacity 16436K, committed 16640K, reserved 1064960K
  class space    used 1972K, capacity 2030K, committed 2048K, reserved 1048576K

Card table byte_map: [0x0000000011a20000,0x0000000011e20000] byte_map_base: 0x0000000011612000

Marking Bits: (ParMarkBitMap*) 0x0000000064d5b460
 Begin Bits: [0x0000000012c60000, 0x0000000014bf0000)
 End Bits:   [0x0000000014bf0000, 0x0000000016b80000)

Polling page: 0x0000000000130000

CodeCache: size=245760Kb used=3947Kb max_used=3947Kb free=241812Kb
 bounds [0x0000000002660000, 0x0000000002a40000, 0x0000000011660000]
 total_blobs=1743 nmethods=1203 adapters=454
 compilation: enabled

Compilation events (10 events):
Event: 2.385 Thread 0x0000000058a4b000 1199       3       sun.security.jca.ProviderList::getProvider (22 bytes)
Event: 2.385 Thread 0x0000000058a4b000 nmethod 1199 0x0000000002a2c010 code [0x0000000002a2c180, 0x0000000002a2c408]
Event: 2.385 Thread 0x0000000058a4b000 1203       3       sun.security.provider.ByteArrayAccess::i2bBig (204 bytes)
Event: 2.385 Thread 0x0000000058a4b000 nmethod 1203 0x0000000002a32c90 code [0x0000000002a32e20, 0x0000000002a33288]
Event: 2.385 Thread 0x0000000058a4b000 1201       3       sun.security.provider.ByteArrayAccess::b2iLittle64 (614 bytes)
Event: 2.385 Thread 0x0000000058a4b000 nmethod 1201 0x0000000002a32290 code [0x0000000002a32420, 0x0000000002a32988]
Event: 2.385 Thread 0x0000000058a4b000 1202       3       sun.security.provider.MD5::implCompress (1508 bytes)
Event: 2.388 Thread 0x0000000058a4b000 nmethod 1202 0x0000000002a2e190 code [0x0000000002a2e520, 0x0000000002a30c28]
Event: 2.388 Thread 0x0000000058a4b000 1200  s!   3       sun.security.jca.ProviderConfig::getProvider (115 bytes)
Event: 2.388 Thread 0x0000000058a4b000 nmethod 1200 0x0000000002a3d9d0 code [0x0000000002a3db80, 0x0000000002a3e3e8]

GC Heap History (2 events):
Event: 2.336 GC heap before
{Heap before GC invocations=1 (full 0):
 PSYoungGen      total 38400K, used 33280K [0x00000000d5f00000, 0x00000000d8980000, 0x0000000100000000)
  eden space 33280K, 100% used [0x00000000d5f00000,0x00000000d7f80000,0x00000000d7f80000)
  from space 5120K, 0% used [0x00000000d8480000,0x00000000d8480000,0x00000000d8980000)
  to   space 5120K, 0% used [0x00000000d7f80000,0x00000000d7f80000,0x00000000d8480000)
 ParOldGen       total 87552K, used 0K [0x0000000081c00000, 0x0000000087180000, 0x00000000d5f00000)
  object space 87552K, 0% used [0x0000000081c00000,0x0000000081c00000,0x0000000087180000)
 Metaspace       used 15739K, capacity 15956K, committed 16128K, reserved 1062912K
  class space    used 1921K, capacity 1998K, committed 2048K, reserved 1048576K
Event: 2.347 GC heap after
Heap after GC invocations=1 (full 0):
 PSYoungGen      total 38400K, used 5094K [0x00000000d5f00000, 0x00000000d8980000, 0x0000000100000000)
  eden space 33280K, 0% used [0x00000000d5f00000,0x00000000d5f00000,0x00000000d7f80000)
  from space 5120K, 99% used [0x00000000d7f80000,0x00000000d8479800,0x00000000d8480000)
  to   space 5120K, 0% used [0x00000000d8480000,0x00000000d8480000,0x00000000d8980000)
 ParOldGen       total 87552K, used 2539K [0x0000000081c00000, 0x0000000087180000, 0x00000000d5f00000)
  object space 87552K, 2% used [0x0000000081c00000,0x0000000081e7add0,0x0000000087180000)
 Metaspace       used 15739K, capacity 15956K, committed 16128K, reserved 1062912K
  class space    used 1921K, capacity 1998K, committed 2048K, reserved 1048576K
}

Deoptimization events (10 events):
Event: 1.660 Thread 0x000000005ab9c800 Uncommon trap: reason=class_check action=maybe_recompile pc=0x000000000281b70c method=java.lang.String.equals(Ljava/lang/Object;)Z @ 8
Event: 1.660 Thread 0x000000005ab9c800 Uncommon trap: reason=class_check action=maybe_recompile pc=0x000000000281b70c method=java.lang.String.equals(Ljava/lang/Object;)Z @ 8
Event: 1.730 Thread 0x000000005ab9c800 Uncommon trap: reason=class_check action=maybe_recompile pc=0x000000000281b70c method=java.lang.String.equals(Ljava/lang/Object;)Z @ 8
Event: 1.730 Thread 0x000000005ab9c800 Uncommon trap: reason=class_check action=maybe_recompile pc=0x000000000281b70c method=java.lang.String.equals(Ljava/lang/Object;)Z @ 8
Event: 2.167 Thread 0x000000005ad04800 Uncommon trap: reason=unreached action=reinterpret pc=0x00000000028dd9f0 method=sun.misc.URLClassPath$JarLoader.ensureOpen()V @ 4
Event: 2.188 Thread 0x000000005acac800 Uncommon trap: reason=class_check action=maybe_recompile pc=0x0000000002939ef8 method=java.util.HashMap.putVal(ILjava/lang/Object;Ljava/lang/Object;ZZ)Ljava/lang/Object; @ 253
Event: 2.188 Thread 0x000000005acac800 Uncommon trap: reason=class_check action=maybe_recompile pc=0x0000000002939ef8 method=java.util.HashMap.putVal(ILjava/lang/Object;Ljava/lang/Object;ZZ)Ljava/lang/Object; @ 253
Event: 2.188 Thread 0x000000005acac800 Uncommon trap: reason=class_check action=maybe_recompile pc=0x0000000002939ef8 method=java.util.HashMap.putVal(ILjava/lang/Object;Ljava/lang/Object;ZZ)Ljava/lang/Object; @ 253
Event: 2.188 Thread 0x000000005acac800 Uncommon trap: reason=class_check action=maybe_recompile pc=0x0000000002939ef8 method=java.util.HashMap.putVal(ILjava/lang/Object;Ljava/lang/Object;ZZ)Ljava/lang/Object; @ 253
Event: 2.188 Thread 0x000000005acac800 Uncommon trap: reason=class_check action=maybe_recompile pc=0x000000000290df74 method=java.util.HashMap.putVal(ILjava/lang/Object;Ljava/lang/Object;ZZ)Ljava/lang/Object; @ 253

Internal exceptions (10 events):
Event: 2.164 Thread 0x000000005acac800 Exception <a 'java/security/PrivilegedActionException'> (0x00000000d77b61b0) thrown at [D:\re\workspace\8-2-build-windows-amd64-cygwin\jdk8u20\1074\hotspot\src\share\vm\prims\jvm.cpp, line 1275]
Event: 2.167 Thread 0x000000005ad04800 Exception <a 'java/security/PrivilegedActionException'> (0x00000000d6c91088) thrown at [D:\re\workspace\8-2-build-windows-amd64-cygwin\jdk8u20\1074\hotspot\src\share\vm\prims\jvm.cpp, line 1275]
Event: 2.167 Thread 0x000000005ad04800 Implicit null exception at 0x00000000028dca46 to 0x00000000028dd9d9
Event: 2.259 Thread 0x000000005ad04800 Exception <a 'java/security/PrivilegedActionException'> (0x00000000d7928110) thrown at [D:\re\workspace\8-2-build-windows-amd64-cygwin\jdk8u20\1074\hotspot\src\share\vm\prims\jvm.cpp, line 1275]
Event: 2.259 Thread 0x000000005ad04800 Exception <a 'java/security/PrivilegedActionException'> (0x00000000d792ce48) thrown at [D:\re\workspace\8-2-build-windows-amd64-cygwin\jdk8u20\1074\hotspot\src\share\vm\prims\jvm.cpp, line 1275]
Event: 2.260 Thread 0x000000005ad04800 Exception <a 'java/security/PrivilegedActionException'> (0x00000000d7932da8) thrown at [D:\re\workspace\8-2-build-windows-amd64-cygwin\jdk8u20\1074\hotspot\src\share\vm\prims\jvm.cpp, line 1275]
Event: 2.260 Thread 0x000000005ad04800 Exception <a 'java/security/PrivilegedActionException'> (0x00000000d7938820) thrown at [D:\re\workspace\8-2-build-windows-amd64-cygwin\jdk8u20\1074\hotspot\src\share\vm\prims\jvm.cpp, line 1275]
Event: 2.261 Thread 0x000000005ad04800 Exception <a 'java/security/PrivilegedActionException'> (0x00000000d793d178) thrown at [D:\re\workspace\8-2-build-windows-amd64-cygwin\jdk8u20\1074\hotspot\src\share\vm\prims\jvm.cpp, line 1275]
Event: 2.262 Thread 0x000000005ad04800 Exception <a 'java/security/PrivilegedActionException'> (0x00000000d79516b0) thrown at [D:\re\workspace\8-2-build-windows-amd64-cygwin\jdk8u20\1074\hotspot\src\share\vm\prims\jvm.cpp, line 1275]
Event: 2.385 Thread 0x000000005acac800 Exception <a 'java/security/PrivilegedActionException'> (0x00000000d6274310) thrown at [D:\re\workspace\8-2-build-windows-amd64-cygwin\jdk8u20\1074\hotspot\src\share\vm\prims\jvm.cpp, line 1275]

Events (10 events):
Event: 2.383 loading class com/sun/crypto/provider/HmacCore
Event: 2.383 loading class com/sun/crypto/provider/HmacCore done
Event: 2.383 loading class javax/crypto/MacSpi
Event: 2.383 loading class javax/crypto/MacSpi done
Event: 2.384 loading class sun/security/ssl/CipherBox$1
Event: 2.385 loading class sun/security/ssl/CipherBox$1 done
Event: 2.385 loading class com/microsoft/sqlserver/jdbc/AuthenticationJNI
Event: 2.385 loading class com/microsoft/sqlserver/jdbc/AuthenticationJNI done
Event: 2.386 loading class java/lang/ClassLoaderHelper
Event: 2.386 loading class java/lang/ClassLoaderHelper done


Dynamic libraries:
0x000000013ff10000 - 0x000000013ff44000 	C:\Program Files\Java\jdk1.8.0_20\bin\java.exe
0x0000000077550000 - 0x00000000776f9000 	C:\Windows\SYSTEM32\ntdll.dll
0x0000000077430000 - 0x000000007754f000 	C:\Windows\system32\kernel32.dll
0x000007fefd3c0000 - 0x000007fefd42c000 	C:\Windows\system32\KERNELBASE.dll
0x000007feff180000 - 0x000007feff25b000 	C:\Windows\system32\ADVAPI32.dll
0x000007fefe770000 - 0x000007fefe80f000 	C:\Windows\system32\msvcrt.dll
0x000007fefe810000 - 0x000007fefe82f000 	C:\Windows\SYSTEM32\sechost.dll
0x000007feff540000 - 0x000007feff66d000 	C:\Windows\system32\RPCRT4.dll
0x0000000077330000 - 0x000000007742a000 	C:\Windows\system32\USER32.dll
0x000007feff750000 - 0x000007feff7b7000 	C:\Windows\system32\GDI32.dll
0x000007fefe760000 - 0x000007fefe76e000 	C:\Windows\system32\LPK.dll
0x000007feff670000 - 0x000007feff739000 	C:\Windows\system32\USP10.dll
0x000007fefbb50000 - 0x000007fefbd44000 	C:\Windows\WinSxS\amd64_microsoft.windows.common-controls_6595b64144ccf1df_6.0.7601.17514_none_fa396087175ac9ac\COMCTL32.dll
0x000007fefeeb0000 - 0x000007fefef21000 	C:\Windows\system32\SHLWAPI.dll
0x000007feff260000 - 0x000007feff28e000 	C:\Windows\system32\IMM32.DLL
0x000007fefe890000 - 0x000007fefe999000 	C:\Windows\system32\MSCTF.dll
0x0000000065560000 - 0x0000000065632000 	C:\Program Files\Java\jdk1.8.0_20\jre\bin\msvcr100.dll
0x0000000064580000 - 0x0000000064dd8000 	C:\Program Files\Java\jdk1.8.0_20\jre\bin\server\jvm.dll
0x000007fefa440000 - 0x000007fefa449000 	C:\Windows\system32\WSOCK32.dll
0x000007fefd750000 - 0x000007fefd79d000 	C:\Windows\system32\WS2_32.dll
0x000007feff740000 - 0x000007feff748000 	C:\Windows\system32\NSI.dll
0x000007fefaa60000 - 0x000007fefaa9b000 	C:\Windows\system32\WINMM.dll
0x0000000077710000 - 0x0000000077717000 	C:\Windows\system32\PSAPI.DLL
0x0000000075010000 - 0x000000007501f000 	C:\Program Files\Java\jdk1.8.0_20\jre\bin\verify.dll
0x0000000074dc0000 - 0x0000000074de8000 	C:\Program Files\Java\jdk1.8.0_20\jre\bin\java.dll
0x0000000074da0000 - 0x0000000074db6000 	C:\Program Files\Java\jdk1.8.0_20\jre\bin\zip.dll
0x000007fefd9d0000 - 0x000007fefe758000 	C:\Windows\system32\SHELL32.dll
0x000007fefe9a0000 - 0x000007fefeba3000 	C:\Windows\system32\ole32.dll
0x000007fefd3a0000 - 0x000007fefd3af000 	C:\Windows\system32\profapi.dll
0x00000000653c0000 - 0x0000000065558000 	C:\Program Files\Java\jdk1.8.0_20\jre\bin\awt.dll
0x000007fefef30000 - 0x000007feff007000 	C:\Windows\system32\OLEAUT32.dll
0x000007fefaae0000 - 0x000007fefaaf8000 	C:\Windows\system32\DWMAPI.DLL
0x000007fefbaa0000 - 0x000007fefbaf6000 	C:\Windows\system32\uxtheme.dll
0x000007fefd1f0000 - 0x000007fefd1ff000 	C:\Windows\system32\CRYPTBASE.dll
0x0000000074d10000 - 0x0000000074d57000 	C:\Program Files\Java\jdk1.8.0_20\jre\bin\fontmanager.dll
0x000007feff7c0000 - 0x000007feff859000 	C:\Windows\system32\CLBCatQ.DLL
0x000007fefa820000 - 0x000007fefa981000 	C:\Windows\system32\WindowsCodecs.dll
0x000007fefd190000 - 0x000007fefd1e7000 	C:\Windows\system32\apphelp.dll
0x000007fef1440000 - 0x000007fef167d000 	C:\PROGRA~1\MICROS~1\Office15\GROOVEEX.DLL
0x00000000719c0000 - 0x0000000071a58000 	C:\Windows\system32\MSVCP100.dll
0x0000000072ac0000 - 0x0000000072aeb000 	C:\Windows\system32\ATL100.DLL
0x000007fef1fe0000 - 0x000007fef22fc000 	C:\Windows\system32\msi.dll
0x000007feeff50000 - 0x000007fef07d7000 	C:\PROGRA~1\MICROS~1\Office15\3082\GrooveIntlResource.dll
0x000007fef1950000 - 0x000007fef1985000 	C:\Windows\system32\EhStorShell.dll
0x000007fefebb0000 - 0x000007fefed87000 	C:\Windows\system32\SETUPAPI.dll
0x000007fefd590000 - 0x000007fefd5c6000 	C:\Windows\system32\CFGMGR32.dll
0x000007fefd570000 - 0x000007fefd58a000 	C:\Windows\system32\DEVOBJ.dll
0x000007fefbd60000 - 0x000007fefbe8c000 	C:\Windows\system32\PROPSYS.dll
0x000007fef18d0000 - 0x000007fef194e000 	C:\Windows\System32\cscui.dll
0x000007fef18c0000 - 0x000007fef18cc000 	C:\Windows\System32\CSCDLL.dll
0x000007fef1790000 - 0x000007fef179f000 	C:\Windows\system32\CSCAPI.dll
0x000007fef1710000 - 0x000007fef1790000 	C:\Windows\system32\ntshrui.dll
0x000007fefcef0000 - 0x000007fefcf13000 	C:\Windows\system32\srvcli.dll
0x000007fefb0d0000 - 0x000007fefb0db000 	C:\Windows\system32\slc.dll
0x0000000074d80000 - 0x0000000074d9a000 	C:\Program Files\Java\jdk1.8.0_20\jre\bin\net.dll
0x000007fefcb30000 - 0x000007fefcb85000 	C:\Windows\system32\mswsock.dll
0x000007fefcb20000 - 0x000007fefcb27000 	C:\Windows\System32\wship6.dll
0x0000000074d60000 - 0x0000000074d71000 	C:\Program Files\Java\jdk1.8.0_20\jre\bin\nio.dll
0x0000000065370000 - 0x00000000653b1000 	C:\Program Files\Java\jdk1.8.0_20\jre\bin\t2k.dll
0x000007fefc550000 - 0x000007fefc557000 	C:\Windows\System32\wshtcpip.dll
0x000007fefc9b0000 - 0x000007fefca0b000 	C:\Windows\system32\DNSAPI.dll
0x0000000071630000 - 0x0000000071656000 	C:\Program Files\Bonjour\mdnsNSP.dll
0x000007fefafd0000 - 0x000007fefaff7000 	C:\Windows\system32\Iphlpapi.DLL
0x000007fefb510000 - 0x000007fefb51b000 	C:\Windows\system32\WINNSI.DLL
0x000007fef3110000 - 0x000007fef3118000 	C:\Windows\system32\rasadhlp.dll
0x000007fefad90000 - 0x000007fefade3000 	C:\Windows\System32\fwpuclnt.dll
0x0000000065340000 - 0x0000000065364000 	C:\Program Files\Java\jdk1.8.0_20\jre\bin\sunec.dll
0x000007fefcb90000 - 0x000007fefcba8000 	C:\Windows\system32\CRYPTSP.dll
0x000007fefc890000 - 0x000007fefc8d7000 	C:\Windows\system32\rsaenh.dll
0x000007fefd520000 - 0x000007fefd53e000 	C:\Windows\system32\USERENV.dll
0x000007fefb010000 - 0x000007fefb021000 	C:\Windows\system32\dhcpcsvc6.DLL
0x000007fefaf20000 - 0x000007fefaf38000 	C:\Windows\system32\dhcpcsvc.DLL
0x000007fefb1b0000 - 0x000007fefb1c5000 	C:\Windows\system32\NLAapi.dll
0x000007fefa270000 - 0x000007fefa285000 	C:\Windows\system32\napinsp.dll
0x000007fef9ee0000 - 0x000007fef9ef9000 	C:\Windows\system32\pnrpnsp.dll
0x000007fefa450000 - 0x000007fefa45b000 	C:\Windows\System32\winrnr.dll
0x0000000064080000 - 0x0000000064097000 	C:\Windows\System32\sqljdbc_auth.dll
0x000007fefcf90000 - 0x000007fefcf9b000 	C:\Windows\system32\secur32.dll
0x000007fefd160000 - 0x000007fefd185000 	C:\Windows\system32\SSPICLI.DLL
0x000007fefc7a0000 - 0x000007fefc7aa000 	C:\Windows\system32\credssp.dll
0x000007fefcbb0000 - 0x000007fefcc68000 	C:\Windows\system32\kerberos.DLL
0x000007fefce10000 - 0x000007fefce24000 	C:\Windows\system32\cryptdll.dll
0x000007fefd390000 - 0x000007fefd39f000 	C:\Windows\system32\MSASN1.dll
0x000007fefcac0000 - 0x000007fefcb12000 	C:\Windows\system32\msv1_0.DLL
0x000007fef5cb0000 - 0x000007fef5cd7000 	C:\Windows\system32\ntdsapi.dll
0x000007fee6a90000 - 0x000007fee6bb5000 	C:\Windows\system32\dbghelp.dll

VM Arguments:
jvm_args: -Dfile.encoding=UTF-8 
java_command: rabbitmq.Rabbitmq
java_class_path (initial): C:\Users\LAB SIRZEE\Downloads\rabbitmq-java-client-bin-3.4.1\rabbitmq-java-client-bin-3.4.1\commons-cli-1.1.jar;C:\Users\LAB SIRZEE\Downloads\rabbitmq-java-client-bin-3.4.1\rabbitmq-java-client-bin-3.4.1\commons-io-1.2.jar;C:\Users\LAB SIRZEE\Downloads\rabbitmq-java-client-bin-3.4.1\rabbitmq-java-client-bin-3.4.1\junit.jar;C:\Users\LAB SIRZEE\Downloads\rabbitmq-java-client-bin-3.4.1\rabbitmq-java-client-bin-3.4.1\rabbitmq-client.jar;C:\Users\LAB SIRZEE\Downloads\rabbitmq-java-client-bin-3.4.1\rabbitmq-java-client-bin-3.4.1\rabbitmq-client-tests.jar;C:\Users\LAB SIRZEE\Downloads\gson-2.3.jar;C:\Users\LAB SIRZEE\Downloads\sqljdbc4-3.0.jar;C:\Users\LAB SIRZEE\Documents\NetBeansProjects\Rabbitmq\build\classes
Launcher Type: SUN_STANDARD

Environment Variables:
JAVA_HOME=C:\Program Files\Java\jdk1.8.0_11
CLASSPATH=.;C:\Program Files (x86)\QuickTime\QTSystem\QTJava.zip
PATH=C:\ProgramData\Oracle\Java\javapath;C:\Windows\system32;C:\Windows;C:\Windows\System32\Wbem;C:\Windows\System32\WindowsPowerShell\v1.0\;C:\Program Files (x86)\QuickTime\QTSystem\;C:\Program Files\Java\jdk1.8.0_05\bin;C:\Program Files\Microsoft SQL Server\110\DTS\Binn\;C:\Program Files (x86)\Microsoft SQL Server\110\Tools\Binn\;C:\Program Files\Microsoft SQL Server\110\Tools\Binn\;C:\Program Files (x86)\Microsoft SQL Server\110\Tools\Binn\ManagementStudio\;C:\Program Files (x86)\Microsoft Visual Studio 10.0\Common7\IDE\PrivateAssemblies\;C:\Program Files (x86)\Microsoft SQL Server\110\DTS\Binn\;C:\Program Files (x86)\Windows Kits\8.1\Windows Performance Toolkit\;C:\Program Files\nodejs\;C:\Program Files (x86)\Git\bin;C:\Program Files (x86)\Git\cmd;C:\Program Files (x86)\Java\jre7\bin;C:\Users\LAB SIRZEE\AppData\Roaming\npm;C:\Users\LAB SIRZEE\AppData\Local\Programs\Git\cmd
USERNAME=LAB SIRZEE
OS=Windows_NT
PROCESSOR_IDENTIFIER=Intel64 Family 6 Model 58 Stepping 9, GenuineIntel



---------------  S Y S T E M  ---------------

OS: Windows 7 , 64 bit Build 7601 Service Pack 1

CPU:total 8 (4 cores per cpu, 2 threads per core) family 6 model 58 stepping 9, cmov, cx8, fxsr, mmx, sse, sse2, sse3, ssse3, sse4.1, sse4.2, popcnt, avx, aes, clmul, erms, ht, tsc, tscinvbit, tscinv

Memory: 4k page, physical 8272320k(2890516k free), swap 16542776k(9891020k free)

vm_info: Java HotSpot(TM) 64-Bit Server VM (25.20-b23) for windows-amd64 JRE (1.8.0_20-b26), built on Jul 30 2014 13:51:23 by "java_re" with MS VC++ 10.0 (VS2010)

time: Tue Nov 11 17:28:06 2014
elapsed time: 2 seconds (0d 0h 0m 2s)

