#
# A fatal error has been detected by the Java Runtime Environment:
#
#  EXCEPTION_ACCESS_VIOLATION (0xc0000005) at pc=0x00000000645ddc07, pid=5452, tid=6772
#
# JRE version: Java(TM) SE Runtime Environment (8.0_20-b26) (build 1.8.0_20-b26)
# Java VM: Java HotSpot(TM) 64-Bit Server VM (25.20-b23 mixed mode windows-amd64 compressed oops)
# Problematic frame:
# V  [jvm.dll+0x5dc07]
#
# Failed to write core dump. Minidumps are not enabled by default on client versions of Windows
#
# If you would like to submit a bug report, please visit:
#   http://bugreport.sun.com/bugreport/crash.jsp
#

---------------  T H R E A D  ---------------

Current thread (0x000000005af6f800):  JavaThread "Thread-3" [_thread_in_vm, id=6772, stack(0x000000005d970000,0x000000005da70000)]

siginfo: ExceptionCode=0xc0000005, reading address 0xffffffffffffffff

Registers:
RAX=0x0000000000000040, RBX=0x0000000058d547d0, RCX=0x48005a95d13d8b48, RDX=0x0000000000000000
RSP=0x000000005da6e678, RBP=0x00000000022c1350, RSI=0x000000005af4a008, RDI=0x0000000057873fb0
R8 =0x0000000000000015, R9 =0xffffffffaaa4d370, R10=0x0000000057873fb0, R11=0x00000000aad3b1ff
R12=0x00000000022c1320, R13=0x0000000000000000, R14=0x000000005da6ea88, R15=0x000000005da6ea90
RIP=0x00000000645ddc07, EFLAGS=0x0000000000010202

Top of Stack: (sp=0x000000005da6e678)
0x000000005da6e678:   00000000646cce3a 0000000058d547d0
0x000000005da6e688:   000000005af4a008 000000005af6f800
0x000000005da6e698:   000000000000002f 00000000022c15d8
0x000000005da6e6a8:   000000005da6e6f8 00000000aad3b1ff
0x000000005da6e6b8:   00000000645e3cc9 000000005da6ea58
0x000000005da6e6c8:   0000000000000000 00000000022c1320
0x000000005da6e6d8:   00000000646cd087 000000005af6f800
0x000000005da6e6e8:   00000000002ff5ba 000000005af4a008
0x000000005da6e6f8:   00000000022c1350 000000005af6f800
0x000000005da6e708:   00000000022c3570 000000005af6f800
0x000000005da6e718:   0000000000000000 000000000000004a
0x000000005da6e728:   0000000000000000 000000005af6f800
0x000000005da6e738:   00000000022c3652 000000005af6f9e8
0x000000005da6e748:   000000005da6e840 000000005af4a000
0x000000005da6e758:   0000000000000100 000000000000000d
0x000000005da6e768:   000000005add56d0 000000005af6f800 

Instructions: (pc=0x00000000645ddc07)
0x00000000645ddbe7:   48 8b 04 08 c3 cc cc cc cc 48 63 05 81 c3 75 00
0x00000000645ddbf7:   48 89 14 08 c3 cc cc cc cc 48 63 05 71 c3 75 00
0x00000000645ddc07:   48 83 3c 08 00 0f 94 c0 c3 48 63 05 5d c3 75 00
0x00000000645ddc17:   48 8b 14 08 48 85 d2 74 0a 8b 42 08 c1 f8 08 0f 


Register to memory mapping:

RAX=0x0000000000000040 is an unknown value
RBX=0x0000000058d547d0 is an unknown value
RCX=0x48005a95d13d8b48 is an unknown value
RDX=0x0000000000000000 is an unknown value
RSP=0x000000005da6e678 is pointing into the stack for thread: 0x000000005af6f800
RBP=0x00000000022c1350 is an unknown value
RSI=0x000000005af4a008 is an unknown value
RDI=0x0000000057873fb0 is an unknown value
R8 =0x0000000000000015 is an unknown value
R9 =0xffffffffaaa4d370 is an unknown value
R10=0x0000000057873fb0 is an unknown value
R11=0x00000000aad3b1ff is an unallocated location in the heap
R12=0x00000000022c1320 is an unknown value
R13=0x0000000000000000 is an unknown value
R14=0x000000005da6ea88 is pointing into the stack for thread: 0x000000005af6f800
R15=0x000000005da6ea90 is pointing into the stack for thread: 0x000000005af6f800


Stack: [0x000000005d970000,0x000000005da70000],  sp=0x000000005da6e678,  free space=1017k
Native frames: (J=compiled Java code, j=interpreted, Vv=VM code, C=native code)
V  [jvm.dll+0x5dc07]

Java frames: (J=compiled Java code, j=interpreted, Vv=VM code)
j  com.microsoft.sqlserver.jdbc.AuthenticationJNI.SNISecGenClientContext([B[I[BI[B[I[ZLjava/lang/String;Ljava/lang/String;Ljava/lang/String;Ljava/util/logging/Logger;)I+0
j  com.microsoft.sqlserver.jdbc.AuthenticationJNI.GenerateClientContext([BI[B[I[Z)I+24
j  com.microsoft.sqlserver.jdbc.SQLServerConnection.SSPIData([B[B[I[ZLcom/microsoft/sqlserver/jdbc/AuthenticationJNI;)V+13
j  com.microsoft.sqlserver.jdbc.SQLServerConnection.sendLogon(Lcom/microsoft/sqlserver/jdbc/SQLServerConnection$LogonCommand;Lcom/microsoft/sqlserver/jdbc/AuthenticationJNI;)V+151
j  com.microsoft.sqlserver.jdbc.SQLServerConnection.logon(Lcom/microsoft/sqlserver/jdbc/SQLServerConnection$LogonCommand;)V+20
j  com.microsoft.sqlserver.jdbc.SQLServerConnection.access$000(Lcom/microsoft/sqlserver/jdbc/SQLServerConnection;Lcom/microsoft/sqlserver/jdbc/SQLServerConnection$LogonCommand;)V+2
j  com.microsoft.sqlserver.jdbc.SQLServerConnection$LogonCommand.doExecute()Z+5
j  com.microsoft.sqlserver.jdbc.TDSCommand.execute(Lcom/microsoft/sqlserver/jdbc/TDSWriter;Lcom/microsoft/sqlserver/jdbc/TDSReader;)Z+30
j  com.microsoft.sqlserver.jdbc.SQLServerConnection.executeCommand(Lcom/microsoft/sqlserver/jdbc/TDSCommand;)Z+45
j  com.microsoft.sqlserver.jdbc.SQLServerConnection.connectHelper(Lcom/microsoft/sqlserver/jdbc/ServerPortPlaceHolder;II)V+284
j  com.microsoft.sqlserver.jdbc.SQLServerConnection.login(Ljava/lang/String;Ljava/lang/String;ILjava/lang/String;Lcom/microsoft/sqlserver/jdbc/FailoverInfo;IJ)V+399
j  com.microsoft.sqlserver.jdbc.SQLServerConnection.connect(Ljava/util/Properties;Lcom/microsoft/sqlserver/jdbc/SQLServerPooledConnection;)Ljava/sql/Connection;+1736
j  com.microsoft.sqlserver.jdbc.SQLServerDriver.connect(Ljava/lang/String;Ljava/util/Properties;)Ljava/sql/Connection;+45
j  java.sql.DriverManager.getConnection(Ljava/lang/String;Ljava/util/Properties;Ljava/lang/Class;)Ljava/sql/Connection;+171
j  java.sql.DriverManager.getConnection(Ljava/lang/String;)Ljava/sql/Connection;+13
j  rabbitmq.Persona.insertPersona()V+10
j  rabbitmq.Worker.run()V+168
v  ~StubRoutines::call_stub

---------------  P R O C E S S  ---------------

Java Threads: ( => current thread )
  0x000000005af24800 JavaThread "pool-3-thread-5" [_thread_blocked, id=2940, stack(0x000000005e760000,0x000000005e860000)]
  0x000000005af24000 JavaThread "pool-1-thread-4" [_thread_blocked, id=6248, stack(0x000000005e5d0000,0x000000005e6d0000)]
  0x000000005af23000 JavaThread "pool-3-thread-4" [_thread_blocked, id=5640, stack(0x000000005e420000,0x000000005e520000)]
  0x000000005af20000 JavaThread "pool-3-thread-3" [_thread_blocked, id=7092, stack(0x000000005dc70000,0x000000005dd70000)]
  0x000000005af1f000 JavaThread "pool-3-thread-2" [_thread_blocked, id=4244, stack(0x000000005db70000,0x000000005dc70000)]
  0x000000005af1e800 JavaThread "pool-3-thread-1" [_thread_in_native, id=5128, stack(0x000000005d860000,0x000000005d960000)]
=>0x000000005af6f800 JavaThread "Thread-3" [_thread_in_vm, id=6772, stack(0x000000005d970000,0x000000005da70000)]
  0x000000005af54000 JavaThread "pool-1-thread-3" [_thread_blocked, id=2460, stack(0x000000005d6b0000,0x000000005d7b0000)]
  0x000000005af58000 JavaThread "pool-1-thread-2" [_thread_blocked, id=1072, stack(0x000000005d410000,0x000000005d510000)]
  0x000000005af04800 JavaThread "pool-1-thread-1" [_thread_in_native, id=4996, stack(0x000000005d1c0000,0x000000005d2c0000)]
  0x000000005aef6000 JavaThread "Thread-2" [_thread_in_vm, id=5456, stack(0x000000005d090000,0x000000005d190000)]
  0x000000005aedc800 JavaThread "TimerQueue" daemon [_thread_blocked, id=6944, stack(0x000000005cee0000,0x000000005cfe0000)]
  0x0000000001ce8000 JavaThread "DestroyJavaVM" [_thread_blocked, id=5124, stack(0x0000000002120000,0x0000000002220000)]
  0x000000005aded000 JavaThread "AWT-EventQueue-0" [_thread_blocked, id=6516, stack(0x000000005a830000,0x000000005a930000)]
  0x000000005adc8000 JavaThread "AWT-Windows" daemon [_thread_in_native, id=5772, stack(0x000000005b750000,0x000000005b850000)]
  0x0000000058f6f000 JavaThread "AWT-Shutdown" [_thread_blocked, id=3616, stack(0x000000005a220000,0x000000005a320000)]
  0x0000000058f6e800 JavaThread "Java2D Disposer" daemon [_thread_blocked, id=4048, stack(0x000000005b570000,0x000000005b670000)]
  0x0000000058cab000 JavaThread "Service Thread" daemon [_thread_blocked, id=6240, stack(0x000000005aab0000,0x000000005abb0000)]
  0x0000000058c33000 JavaThread "C1 CompilerThread3" daemon [_thread_blocked, id=2440, stack(0x000000005a930000,0x000000005aa30000)]
  0x0000000058c32800 JavaThread "C2 CompilerThread2" daemon [_thread_blocked, id=1748, stack(0x000000005a600000,0x000000005a700000)]
  0x0000000058c2c000 JavaThread "C2 CompilerThread1" daemon [_thread_blocked, id=5592, stack(0x000000005a710000,0x000000005a810000)]
  0x0000000058c22800 JavaThread "C2 CompilerThread0" daemon [_thread_blocked, id=4704, stack(0x000000005a4f0000,0x000000005a5f0000)]
  0x0000000058c1f000 JavaThread "Attach Listener" daemon [_thread_blocked, id=5444, stack(0x000000005a340000,0x000000005a440000)]
  0x0000000058c1e000 JavaThread "Signal Dispatcher" daemon [_thread_blocked, id=3160, stack(0x000000005a100000,0x000000005a200000)]
  0x0000000057a5c800 JavaThread "Finalizer" daemon [_thread_blocked, id=6292, stack(0x0000000059ee0000,0x0000000059fe0000)]
  0x0000000057a53800 JavaThread "Reference Handler" daemon [_thread_blocked, id=6464, stack(0x0000000059bc0000,0x0000000059cc0000)]

Other Threads:
  0x0000000001d7f800 VMThread [stack: 0x0000000059d00000,0x0000000059e00000] [id=5576]
  0x0000000058cb0000 WatcherThread [stack: 0x000000005ac40000,0x000000005ad40000] [id=6060]

VM state:not at safepoint (normal execution)

VM Mutex/Monitor currently owned by a thread: None

Heap:
 PSYoungGen      total 38400K, used 7908K [0x00000000d5f00000, 0x00000000d8980000, 0x0000000100000000)
  eden space 33280K, 8% used [0x00000000d5f00000,0x00000000d61bf550,0x00000000d7f80000)
  from space 5120K, 99% used [0x00000000d7f80000,0x00000000d8479ea0,0x00000000d8480000)
  to   space 5120K, 0% used [0x00000000d8480000,0x00000000d8480000,0x00000000d8980000)
 ParOldGen       total 87552K, used 2766K [0x0000000081c00000, 0x0000000087180000, 0x00000000d5f00000)
  object space 87552K, 3% used [0x0000000081c00000,0x0000000081eb3b58,0x0000000087180000)
 Metaspace       used 16256K, capacity 16436K, committed 16640K, reserved 1064960K
  class space    used 1977K, capacity 2030K, committed 2048K, reserved 1048576K

Card table byte_map: [0x00000000119f0000,0x0000000011df0000] byte_map_base: 0x00000000115e2000

Marking Bits: (ParMarkBitMap*) 0x0000000064d5b460
 Begin Bits: [0x0000000012d50000, 0x0000000014ce0000)
 End Bits:   [0x0000000014ce0000, 0x0000000016c70000)

Polling page: 0x0000000000230000

CodeCache: size=245760Kb used=3846Kb max_used=3880Kb free=241913Kb
 bounds [0x0000000002630000, 0x0000000002a10000, 0x0000000011630000]
 total_blobs=1730 nmethods=1190 adapters=454
 compilation: enabled

Compilation events (10 events):
Event: 4.603 Thread 0x0000000058c33000 1223       3       java.util.ArrayList$Itr::<init> (26 bytes)
Event: 4.604 Thread 0x0000000058c33000 nmethod 1223 0x0000000002731890 code [0x0000000002731a00, 0x0000000002731bd0]
Event: 4.604 Thread 0x0000000058c33000 1228       3       sun.security.provider.ByteArrayAccess::i2bBig (204 bytes)
Event: 4.604 Thread 0x0000000058c33000 nmethod 1228 0x0000000002820610 code [0x00000000028207a0, 0x0000000002820c08]
Event: 4.604 Thread 0x0000000058c33000 1226       3       sun.security.provider.MD5::implCompress (1508 bytes)
Event: 4.606 Thread 0x0000000058c33000 nmethod 1226 0x0000000002886050 code [0x00000000028863e0, 0x0000000002888ae8]
Event: 4.606 Thread 0x0000000058c33000 1227       3       sun.security.provider.ByteArrayAccess::b2iLittle64 (614 bytes)
Event: 4.607 Thread 0x0000000058c33000 nmethod 1227 0x0000000002757910 code [0x0000000002757aa0, 0x0000000002758008]
Event: 4.607 Thread 0x0000000058c33000 1225       3       sun.reflect.ReflectionFactory::inflationThreshold (4 bytes)
Event: 4.607 Thread 0x0000000058c33000 nmethod 1225 0x00000000027c2c10 code [0x00000000027c2d60, 0x00000000027c2e90]

GC Heap History (2 events):
Event: 4.571 GC heap before
{Heap before GC invocations=1 (full 0):
 PSYoungGen      total 38400K, used 33280K [0x00000000d5f00000, 0x00000000d8980000, 0x0000000100000000)
  eden space 33280K, 100% used [0x00000000d5f00000,0x00000000d7f80000,0x00000000d7f80000)
  from space 5120K, 0% used [0x00000000d8480000,0x00000000d8480000,0x00000000d8980000)
  to   space 5120K, 0% used [0x00000000d7f80000,0x00000000d7f80000,0x00000000d8480000)
 ParOldGen       total 87552K, used 0K [0x0000000081c00000, 0x0000000087180000, 0x00000000d5f00000)
  object space 87552K, 0% used [0x0000000081c00000,0x0000000081c00000,0x0000000087180000)
 Metaspace       used 16024K, capacity 16212K, committed 16384K, reserved 1062912K
  class space    used 1951K, capacity 1998K, committed 2048K, reserved 1048576K
Event: 4.589 GC heap after
Heap after GC invocations=1 (full 0):
 PSYoungGen      total 38400K, used 5095K [0x00000000d5f00000, 0x00000000d8980000, 0x0000000100000000)
  eden space 33280K, 0% used [0x00000000d5f00000,0x00000000d5f00000,0x00000000d7f80000)
  from space 5120K, 99% used [0x00000000d7f80000,0x00000000d8479ea0,0x00000000d8480000)
  to   space 5120K, 0% used [0x00000000d8480000,0x00000000d8480000,0x00000000d8980000)
 ParOldGen       total 87552K, used 2766K [0x0000000081c00000, 0x0000000087180000, 0x00000000d5f00000)
  object space 87552K, 3% used [0x0000000081c00000,0x0000000081eb3b58,0x0000000087180000)
 Metaspace       used 16024K, capacity 16212K, committed 16384K, reserved 1062912K
  class space    used 1951K, capacity 1998K, committed 2048K, reserved 1048576K
}

Deoptimization events (10 events):
Event: 3.891 Thread 0x000000005aded000 Uncommon trap: reason=class_check action=maybe_recompile pc=0x00000000027eb5cc method=java.lang.String.equals(Ljava/lang/Object;)Z @ 8
Event: 3.891 Thread 0x000000005aded000 Uncommon trap: reason=class_check action=maybe_recompile pc=0x00000000027eb5cc method=java.lang.String.equals(Ljava/lang/Object;)Z @ 8
Event: 3.995 Thread 0x000000005aded000 Uncommon trap: reason=class_check action=maybe_recompile pc=0x00000000027eb5cc method=java.lang.String.equals(Ljava/lang/Object;)Z @ 8
Event: 3.995 Thread 0x000000005aded000 Uncommon trap: reason=class_check action=maybe_recompile pc=0x00000000027eb5cc method=java.lang.String.equals(Ljava/lang/Object;)Z @ 8
Event: 4.384 Thread 0x000000005af6f800 Uncommon trap: reason=unreached action=reinterpret pc=0x00000000028afa30 method=sun.misc.URLClassPath$JarLoader.ensureOpen()V @ 4
Event: 4.404 Thread 0x000000005aef6000 Uncommon trap: reason=class_check action=maybe_recompile pc=0x000000000290d8c0 method=java.util.HashMap.putVal(ILjava/lang/Object;Ljava/lang/Object;ZZ)Ljava/lang/Object; @ 253
Event: 4.404 Thread 0x000000005aef6000 Uncommon trap: reason=class_check action=maybe_recompile pc=0x000000000290d8c0 method=java.util.HashMap.putVal(ILjava/lang/Object;Ljava/lang/Object;ZZ)Ljava/lang/Object; @ 253
Event: 4.404 Thread 0x000000005aef6000 Uncommon trap: reason=class_check action=maybe_recompile pc=0x000000000290d8c0 method=java.util.HashMap.putVal(ILjava/lang/Object;Ljava/lang/Object;ZZ)Ljava/lang/Object; @ 253
Event: 4.404 Thread 0x000000005aef6000 Uncommon trap: reason=class_check action=maybe_recompile pc=0x000000000290d8c0 method=java.util.HashMap.putVal(ILjava/lang/Object;Ljava/lang/Object;ZZ)Ljava/lang/Object; @ 253
Event: 4.404 Thread 0x000000005aef6000 Uncommon trap: reason=class_check action=maybe_recompile pc=0x00000000028dcc44 method=java.util.HashMap.putVal(ILjava/lang/Object;Ljava/lang/Object;ZZ)Ljava/lang/Object; @ 253

Internal exceptions (10 events):
Event: 4.380 Thread 0x000000005af6f800 Exception <a 'java/security/PrivilegedActionException'> (0x00000000d773d748) thrown at [D:\re\workspace\8-2-build-windows-amd64-cygwin\jdk8u20\1074\hotspot\src\share\vm\prims\jvm.cpp, line 1275]
Event: 4.382 Thread 0x000000005aef6000 Exception <a 'java/security/PrivilegedActionException'> (0x00000000d6a70848) thrown at [D:\re\workspace\8-2-build-windows-amd64-cygwin\jdk8u20\1074\hotspot\src\share\vm\prims\jvm.cpp, line 1275]
Event: 4.384 Thread 0x000000005af6f800 Implicit null exception at 0x00000000028aea86 to 0x00000000028afa19
Event: 4.474 Thread 0x000000005af6f800 Exception <a 'java/security/PrivilegedActionException'> (0x00000000d7813f60) thrown at [D:\re\workspace\8-2-build-windows-amd64-cygwin\jdk8u20\1074\hotspot\src\share\vm\prims\jvm.cpp, line 1275]
Event: 4.475 Thread 0x000000005af6f800 Exception <a 'java/security/PrivilegedActionException'> (0x00000000d7818c98) thrown at [D:\re\workspace\8-2-build-windows-amd64-cygwin\jdk8u20\1074\hotspot\src\share\vm\prims\jvm.cpp, line 1275]
Event: 4.475 Thread 0x000000005af6f800 Exception <a 'java/security/PrivilegedActionException'> (0x00000000d781ebf8) thrown at [D:\re\workspace\8-2-build-windows-amd64-cygwin\jdk8u20\1074\hotspot\src\share\vm\prims\jvm.cpp, line 1275]
Event: 4.475 Thread 0x000000005af6f800 Exception <a 'java/security/PrivilegedActionException'> (0x00000000d7824670) thrown at [D:\re\workspace\8-2-build-windows-amd64-cygwin\jdk8u20\1074\hotspot\src\share\vm\prims\jvm.cpp, line 1275]
Event: 4.476 Thread 0x000000005aef6000 Exception <a 'java/security/PrivilegedActionException'> (0x00000000d78d77d0) thrown at [D:\re\workspace\8-2-build-windows-amd64-cygwin\jdk8u20\1074\hotspot\src\share\vm\prims\jvm.cpp, line 1275]
Event: 4.478 Thread 0x000000005af6f800 Exception <a 'java/security/PrivilegedActionException'> (0x00000000d7829140) thrown at [D:\re\workspace\8-2-build-windows-amd64-cygwin\jdk8u20\1074\hotspot\src\share\vm\prims\jvm.cpp, line 1275]
Event: 4.604 Thread 0x000000005aef6000 Exception <a 'java/security/PrivilegedActionException'> (0x00000000d6104b68) thrown at [D:\re\workspace\8-2-build-windows-amd64-cygwin\jdk8u20\1074\hotspot\src\share\vm\prims\jvm.cpp, line 1275]

Events (10 events):
Event: 4.602 loading class com/sun/crypto/provider/HmacCore
Event: 4.602 loading class com/sun/crypto/provider/HmacCore done
Event: 4.602 loading class javax/crypto/MacSpi
Event: 4.602 loading class javax/crypto/MacSpi done
Event: 4.603 loading class sun/security/ssl/CipherBox$1
Event: 4.603 loading class sun/security/ssl/CipherBox$1 done
Event: 4.604 loading class com/microsoft/sqlserver/jdbc/AuthenticationJNI
Event: 4.604 loading class com/microsoft/sqlserver/jdbc/AuthenticationJNI done
Event: 4.605 loading class java/lang/ClassLoaderHelper
Event: 4.605 loading class java/lang/ClassLoaderHelper done


Dynamic libraries:
0x000000013f0a0000 - 0x000000013f0d4000 	C:\Program Files\Java\jdk1.8.0_20\bin\java.exe
0x0000000077550000 - 0x00000000776f9000 	C:\Windows\SYSTEM32\ntdll.dll
0x0000000077430000 - 0x000000007754f000 	C:\Windows\system32\kernel32.dll
0x000007fefd3c0000 - 0x000007fefd42c000 	C:\Windows\system32\KERNELBASE.dll
0x000007feff180000 - 0x000007feff25b000 	C:\Windows\system32\ADVAPI32.dll
0x000007fefe770000 - 0x000007fefe80f000 	C:\Windows\system32\msvcrt.dll
0x000007fefe810000 - 0x000007fefe82f000 	C:\Windows\SYSTEM32\sechost.dll
0x000007feff540000 - 0x000007feff66d000 	C:\Windows\system32\RPCRT4.dll
0x0000000077330000 - 0x000000007742a000 	C:\Windows\system32\USER32.dll
0x000007feff750000 - 0x000007feff7b7000 	C:\Windows\system32\GDI32.dll
0x000007fefe760000 - 0x000007fefe76e000 	C:\Windows\system32\LPK.dll
0x000007feff670000 - 0x000007feff739000 	C:\Windows\system32\USP10.dll
0x000007fefbb50000 - 0x000007fefbd44000 	C:\Windows\WinSxS\amd64_microsoft.windows.common-controls_6595b64144ccf1df_6.0.7601.17514_none_fa396087175ac9ac\COMCTL32.dll
0x000007fefeeb0000 - 0x000007fefef21000 	C:\Windows\system32\SHLWAPI.dll
0x000007feff260000 - 0x000007feff28e000 	C:\Windows\system32\IMM32.DLL
0x000007fefe890000 - 0x000007fefe999000 	C:\Windows\system32\MSCTF.dll
0x0000000065560000 - 0x0000000065632000 	C:\Program Files\Java\jdk1.8.0_20\jre\bin\msvcr100.dll
0x0000000064580000 - 0x0000000064dd8000 	C:\Program Files\Java\jdk1.8.0_20\jre\bin\server\jvm.dll
0x000007fefa440000 - 0x000007fefa449000 	C:\Windows\system32\WSOCK32.dll
0x000007fefd750000 - 0x000007fefd79d000 	C:\Windows\system32\WS2_32.dll
0x000007feff740000 - 0x000007feff748000 	C:\Windows\system32\NSI.dll
0x000007fefaa60000 - 0x000007fefaa9b000 	C:\Windows\system32\WINMM.dll
0x0000000077710000 - 0x0000000077717000 	C:\Windows\system32\PSAPI.DLL
0x0000000075010000 - 0x000000007501f000 	C:\Program Files\Java\jdk1.8.0_20\jre\bin\verify.dll
0x0000000074dc0000 - 0x0000000074de8000 	C:\Program Files\Java\jdk1.8.0_20\jre\bin\java.dll
0x0000000074da0000 - 0x0000000074db6000 	C:\Program Files\Java\jdk1.8.0_20\jre\bin\zip.dll
0x000007fefd9d0000 - 0x000007fefe758000 	C:\Windows\system32\SHELL32.dll
0x000007fefe9a0000 - 0x000007fefeba3000 	C:\Windows\system32\ole32.dll
0x000007fefd3a0000 - 0x000007fefd3af000 	C:\Windows\system32\profapi.dll
0x00000000653c0000 - 0x0000000065558000 	C:\Program Files\Java\jdk1.8.0_20\jre\bin\awt.dll
0x000007fefef30000 - 0x000007feff007000 	C:\Windows\system32\OLEAUT32.dll
0x000007fefaae0000 - 0x000007fefaaf8000 	C:\Windows\system32\DWMAPI.DLL
0x000007fefbaa0000 - 0x000007fefbaf6000 	C:\Windows\system32\uxtheme.dll
0x000007fefd1f0000 - 0x000007fefd1ff000 	C:\Windows\system32\CRYPTBASE.dll
0x0000000074d10000 - 0x0000000074d57000 	C:\Program Files\Java\jdk1.8.0_20\jre\bin\fontmanager.dll
0x000007feff7c0000 - 0x000007feff859000 	C:\Windows\system32\CLBCatQ.DLL
0x000007fefa820000 - 0x000007fefa981000 	C:\Windows\system32\WindowsCodecs.dll
0x000007fefd190000 - 0x000007fefd1e7000 	C:\Windows\system32\apphelp.dll
0x000007fef1440000 - 0x000007fef167d000 	C:\PROGRA~1\MICROS~1\Office15\GROOVEEX.DLL
0x00000000719c0000 - 0x0000000071a58000 	C:\Windows\system32\MSVCP100.dll
0x0000000072ac0000 - 0x0000000072aeb000 	C:\Windows\system32\ATL100.DLL
0x000007fef1fe0000 - 0x000007fef22fc000 	C:\Windows\system32\msi.dll
0x000007feeff50000 - 0x000007fef07d7000 	C:\PROGRA~1\MICROS~1\Office15\3082\GrooveIntlResource.dll
0x000007fef1950000 - 0x000007fef1985000 	C:\Windows\system32\EhStorShell.dll
0x000007fefebb0000 - 0x000007fefed87000 	C:\Windows\system32\SETUPAPI.dll
0x000007fefd590000 - 0x000007fefd5c6000 	C:\Windows\system32\CFGMGR32.dll
0x000007fefd570000 - 0x000007fefd58a000 	C:\Windows\system32\DEVOBJ.dll
0x000007fefbd60000 - 0x000007fefbe8c000 	C:\Windows\system32\PROPSYS.dll
0x000007fef18d0000 - 0x000007fef194e000 	C:\Windows\System32\cscui.dll
0x000007fef18c0000 - 0x000007fef18cc000 	C:\Windows\System32\CSCDLL.dll
0x000007fef1790000 - 0x000007fef179f000 	C:\Windows\system32\CSCAPI.dll
0x000007fef1710000 - 0x000007fef1790000 	C:\Windows\system32\ntshrui.dll
0x000007fefcef0000 - 0x000007fefcf13000 	C:\Windows\system32\srvcli.dll
0x000007fefb0d0000 - 0x000007fefb0db000 	C:\Windows\system32\slc.dll
0x0000000074d80000 - 0x0000000074d9a000 	C:\Program Files\Java\jdk1.8.0_20\jre\bin\net.dll
0x000007fefcb30000 - 0x000007fefcb85000 	C:\Windows\system32\mswsock.dll
0x000007fefcb20000 - 0x000007fefcb27000 	C:\Windows\System32\wship6.dll
0x0000000074d60000 - 0x0000000074d71000 	C:\Program Files\Java\jdk1.8.0_20\jre\bin\nio.dll
0x0000000065370000 - 0x00000000653b1000 	C:\Program Files\Java\jdk1.8.0_20\jre\bin\t2k.dll
0x000007fefc550000 - 0x000007fefc557000 	C:\Windows\System32\wshtcpip.dll
0x000007fefc9b0000 - 0x000007fefca0b000 	C:\Windows\system32\DNSAPI.dll
0x0000000071630000 - 0x0000000071656000 	C:\Program Files\Bonjour\mdnsNSP.dll
0x000007fefafd0000 - 0x000007fefaff7000 	C:\Windows\system32\Iphlpapi.DLL
0x000007fefb510000 - 0x000007fefb51b000 	C:\Windows\system32\WINNSI.DLL
0x000007fef3110000 - 0x000007fef3118000 	C:\Windows\system32\rasadhlp.dll
0x000007fefad90000 - 0x000007fefade3000 	C:\Windows\System32\fwpuclnt.dll
0x0000000065340000 - 0x0000000065364000 	C:\Program Files\Java\jdk1.8.0_20\jre\bin\sunec.dll
0x000007fefcb90000 - 0x000007fefcba8000 	C:\Windows\system32\CRYPTSP.dll
0x000007fefc890000 - 0x000007fefc8d7000 	C:\Windows\system32\rsaenh.dll
0x000007fefd520000 - 0x000007fefd53e000 	C:\Windows\system32\USERENV.dll
0x000007fefb010000 - 0x000007fefb021000 	C:\Windows\system32\dhcpcsvc6.DLL
0x000007fefaf20000 - 0x000007fefaf38000 	C:\Windows\system32\dhcpcsvc.DLL
0x000007fefb1b0000 - 0x000007fefb1c5000 	C:\Windows\system32\NLAapi.dll
0x000007fefa270000 - 0x000007fefa285000 	C:\Windows\system32\napinsp.dll
0x000007fef9ee0000 - 0x000007fef9ef9000 	C:\Windows\system32\pnrpnsp.dll
0x000007fefa450000 - 0x000007fefa45b000 	C:\Windows\System32\winrnr.dll
0x00000000022c0000 - 0x00000000022d7000 	C:\Windows\System32\sqljdbc_auth.dll
0x000007fefcf90000 - 0x000007fefcf9b000 	C:\Windows\system32\secur32.dll
0x000007fefd160000 - 0x000007fefd185000 	C:\Windows\system32\SSPICLI.DLL
0x000007fefc7a0000 - 0x000007fefc7aa000 	C:\Windows\system32\credssp.dll
0x000007fefcbb0000 - 0x000007fefcc68000 	C:\Windows\system32\kerberos.DLL
0x000007fefce10000 - 0x000007fefce24000 	C:\Windows\system32\cryptdll.dll
0x000007fefd390000 - 0x000007fefd39f000 	C:\Windows\system32\MSASN1.dll
0x000007fefcac0000 - 0x000007fefcb12000 	C:\Windows\system32\msv1_0.DLL
0x000007fef5cb0000 - 0x000007fef5cd7000 	C:\Windows\system32\ntdsapi.dll
0x000007fee6a90000 - 0x000007fee6bb5000 	C:\Windows\system32\dbghelp.dll

VM Arguments:
jvm_args: -Dfile.encoding=UTF-8 
java_command: rabbitmq.Rabbitmq
java_class_path (initial): C:\Users\LAB SIRZEE\Downloads\rabbitmq-java-client-bin-3.4.1\rabbitmq-java-client-bin-3.4.1\commons-cli-1.1.jar;C:\Users\LAB SIRZEE\Downloads\rabbitmq-java-client-bin-3.4.1\rabbitmq-java-client-bin-3.4.1\commons-io-1.2.jar;C:\Users\LAB SIRZEE\Downloads\rabbitmq-java-client-bin-3.4.1\rabbitmq-java-client-bin-3.4.1\junit.jar;C:\Users\LAB SIRZEE\Downloads\rabbitmq-java-client-bin-3.4.1\rabbitmq-java-client-bin-3.4.1\rabbitmq-client.jar;C:\Users\LAB SIRZEE\Downloads\rabbitmq-java-client-bin-3.4.1\rabbitmq-java-client-bin-3.4.1\rabbitmq-client-tests.jar;C:\Users\LAB SIRZEE\Downloads\gson-2.3.jar;C:\Users\LAB SIRZEE\Downloads\sqljdbc4-3.0.jar;C:\Users\LAB SIRZEE\Documents\NetBeansProjects\Rabbitmq\build\classes
Launcher Type: SUN_STANDARD

Environment Variables:
JAVA_HOME=C:\Program Files\Java\jdk1.8.0_11
CLASSPATH=.;C:\Program Files (x86)\QuickTime\QTSystem\QTJava.zip
PATH=C:\ProgramData\Oracle\Java\javapath;C:\Windows\system32;C:\Windows;C:\Windows\System32\Wbem;C:\Windows\System32\WindowsPowerShell\v1.0\;C:\Program Files (x86)\QuickTime\QTSystem\;C:\Program Files\Java\jdk1.8.0_05\bin;C:\Program Files\Microsoft SQL Server\110\DTS\Binn\;C:\Program Files (x86)\Microsoft SQL Server\110\Tools\Binn\;C:\Program Files\Microsoft SQL Server\110\Tools\Binn\;C:\Program Files (x86)\Microsoft SQL Server\110\Tools\Binn\ManagementStudio\;C:\Program Files (x86)\Microsoft Visual Studio 10.0\Common7\IDE\PrivateAssemblies\;C:\Program Files (x86)\Microsoft SQL Server\110\DTS\Binn\;C:\Program Files (x86)\Windows Kits\8.1\Windows Performance Toolkit\;C:\Program Files\nodejs\;C:\Program Files (x86)\Git\bin;C:\Program Files (x86)\Git\cmd;C:\Program Files (x86)\Java\jre7\bin;C:\Users\LAB SIRZEE\AppData\Roaming\npm;C:\Users\LAB SIRZEE\AppData\Local\Programs\Git\cmd
USERNAME=LAB SIRZEE
OS=Windows_NT
PROCESSOR_IDENTIFIER=Intel64 Family 6 Model 58 Stepping 9, GenuineIntel



---------------  S Y S T E M  ---------------

OS: Windows 7 , 64 bit Build 7601 Service Pack 1

CPU:total 8 (4 cores per cpu, 2 threads per core) family 6 model 58 stepping 9, cmov, cx8, fxsr, mmx, sse, sse2, sse3, ssse3, sse4.1, sse4.2, popcnt, avx, aes, clmul, erms, ht, tsc, tscinvbit, tscinv

Memory: 4k page, physical 8272320k(3053212k free), swap 16542776k(10360940k free)

vm_info: Java HotSpot(TM) 64-Bit Server VM (25.20-b23) for windows-amd64 JRE (1.8.0_20-b26), built on Jul 30 2014 13:51:23 by "java_re" with MS VC++ 10.0 (VS2010)

time: Tue Nov 11 18:25:32 2014
elapsed time: 4 seconds (0d 0h 0m 4s)

